[2017-09-13 20:14:30,615: INFO/MainProcess] Connected to amqp://guest:**@127.0.0.1:5672//
[2017-09-13 20:14:30,632: INFO/MainProcess] mingle: searching for neighbors
[2017-09-13 20:14:31,661: INFO/MainProcess] mingle: all alone
[2017-09-13 20:14:31,704: WARNING/MainProcess] /home/netcrime/.virtualenvs/fiba/lib/python3.5/site-packages/celery/fixups/django.py:202: UserWarning: Using settings.DEBUG leads to a memory leak, never use this setting in production environments!
  warnings.warn('Using settings.DEBUG leads to a memory leak, never '
[2017-09-13 20:14:31,704: INFO/MainProcess] celery@netcrime-Inspiron-5558 ready.
[2017-09-13 20:15:01,126: INFO/MainProcess] Received task: main.tasks.add_player[3e7f9a96-c7f7-434b-913e-53e57d753c27]  ETA:[2017-09-13 20:15:11.096402+00:00] 
[2017-09-13 20:15:01,128: INFO/MainProcess] Received task: main.tasks.add_player[fd2780ea-5834-4a1e-901c-27c9030d6bd6]  ETA:[2017-09-13 20:15:11.125295+00:00] 
[2017-09-13 20:15:01,129: INFO/MainProcess] Received task: main.tasks.add_player[0044523e-2d75-4d60-aede-da9c0ad54d40]  ETA:[2017-09-13 20:15:11.126707+00:00] 
[2017-09-13 20:15:01,131: INFO/MainProcess] Received task: main.tasks.add_player[12bb9843-cea8-4acd-943c-0070ff7fc585]  ETA:[2017-09-13 20:15:11.128660+00:00] 
[2017-09-13 20:15:01,133: INFO/MainProcess] Received task: main.tasks.add_player[23a28b65-7b70-4956-a578-4c300613901d]  ETA:[2017-09-13 20:15:11.130281+00:00] 
[2017-09-13 20:15:01,134: INFO/MainProcess] Received task: main.tasks.add_player[d0668178-9d33-4b40-bbea-37a22bb7e86e]  ETA:[2017-09-13 20:15:11.131878+00:00] 
[2017-09-13 20:15:01,136: INFO/MainProcess] Received task: main.tasks.add_player[0e6db3eb-07e6-4e61-923d-cdb4fad498d2]  ETA:[2017-09-13 20:15:11.133466+00:00] 
[2017-09-13 20:15:01,138: INFO/MainProcess] Received task: main.tasks.add_player[e6e8d3f6-8375-4efd-b362-8c76ac3f71a4]  ETA:[2017-09-13 20:15:11.135109+00:00] 
[2017-09-13 20:15:01,139: INFO/MainProcess] Received task: main.tasks.add_player[9deee91d-40fe-4e08-a925-fa33dbdd2c5d]  ETA:[2017-09-13 20:15:11.136775+00:00] 
[2017-09-13 20:15:01,141: INFO/MainProcess] Received task: main.tasks.add_player[6363ecf8-02bd-4083-88ea-8ae9ff33e47d]  ETA:[2017-09-13 20:15:11.138255+00:00] 
[2017-09-13 20:15:01,143: INFO/MainProcess] Received task: main.tasks.add_player[370bb019-6777-4bc6-9306-ae5b4a60923c]  ETA:[2017-09-13 20:15:11.140260+00:00] 
[2017-09-13 20:15:01,145: INFO/MainProcess] Received task: main.tasks.add_player[7adcc7af-1ae5-4038-8a36-fe99c73b5542]  ETA:[2017-09-13 20:15:11.142433+00:00] 
[2017-09-13 20:15:01,147: INFO/MainProcess] Received task: main.tasks.add_player[9bb173f8-2f09-452a-a4f1-bb3e5c674f1a]  ETA:[2017-09-13 20:15:11.144266+00:00] 
[2017-09-13 20:15:01,149: INFO/MainProcess] Received task: main.tasks.add_player[1f997958-c2b9-4cc9-bff5-c5b4af3c9c8b]  ETA:[2017-09-13 20:15:11.145969+00:00] 
[2017-09-13 20:15:01,151: INFO/MainProcess] Received task: main.tasks.add_player[f9987bdd-f527-4416-92c4-81adc339d4e0]  ETA:[2017-09-13 20:15:11.147603+00:00] 
[2017-09-13 20:15:01,153: INFO/MainProcess] Received task: main.tasks.add_player[daea5ae0-eaae-493e-9662-2a285eb5e3c3]  ETA:[2017-09-13 20:15:11.149175+00:00] 
[2017-09-13 20:15:01,155: INFO/MainProcess] Received task: main.tasks.add_player[ef3a1dab-8b94-421e-8451-c2de3be83707]  ETA:[2017-09-13 20:15:11.150651+00:00] 
[2017-09-13 20:15:01,157: INFO/MainProcess] Received task: main.tasks.add_player[27cfd023-26d4-4e01-a8af-fd16c53240b1]  ETA:[2017-09-13 20:15:11.152147+00:00] 
[2017-09-13 20:15:01,159: INFO/MainProcess] Received task: main.tasks.add_player[58ef603f-bc9f-456b-97d6-81a85268f1db]  ETA:[2017-09-13 20:15:11.153811+00:00] 
[2017-09-13 20:15:01,160: INFO/MainProcess] Received task: main.tasks.add_player[c3881111-c40c-4521-b5a8-369b2e2711ce]  ETA:[2017-09-13 20:15:11.155354+00:00] 
[2017-09-13 20:15:01,162: INFO/MainProcess] Received task: main.tasks.add_player[8442c67b-6e87-4945-a4e0-dafd4d7c8489]  ETA:[2017-09-13 20:15:11.156977+00:00] 
[2017-09-13 20:15:01,164: INFO/MainProcess] Received task: main.tasks.add_player[5ed11edf-2059-4cc7-b76e-6831a53ee77f]  ETA:[2017-09-13 20:15:11.158459+00:00] 
[2017-09-13 20:15:01,166: INFO/MainProcess] Received task: main.tasks.add_player[20a55e51-1eb6-415b-9984-51df7969a121]  ETA:[2017-09-13 20:15:11.160056+00:00] 
[2017-09-13 20:15:01,168: INFO/MainProcess] Received task: main.tasks.add_player[5517ebb3-1d72-4eda-a83f-546b0c4e0d28]  ETA:[2017-09-13 20:15:11.161689+00:00] 
[2017-09-13 20:15:01,169: INFO/MainProcess] Received task: main.tasks.get_game_actions[4c18127e-4d7d-40a6-bddd-35d018621e13]  ETA:[2017-09-13 20:15:16.163367+00:00] 
[2017-09-13 20:15:11,384: INFO/ForkPoolWorker-4] Task main.tasks.add_player[fd2780ea-5834-4a1e-901c-27c9030d6bd6] succeeded in 0.2553912540024612s: True
[2017-09-13 20:15:11,438: INFO/ForkPoolWorker-1] Task main.tasks.add_player[0044523e-2d75-4d60-aede-da9c0ad54d40] succeeded in 0.3097230550047243s: True
[2017-09-13 20:15:11,439: INFO/ForkPoolWorker-3] Task main.tasks.add_player[3e7f9a96-c7f7-434b-913e-53e57d753c27] succeeded in 0.3110964219958987s: True
[2017-09-13 20:15:11,439: INFO/ForkPoolWorker-2] Task main.tasks.add_player[12bb9843-cea8-4acd-943c-0070ff7fc585] succeeded in 0.3021413349924842s: True
[2017-09-13 20:15:11,573: INFO/ForkPoolWorker-4] Task main.tasks.add_player[23a28b65-7b70-4956-a578-4c300613901d] succeeded in 0.18654175200208556s: True
[2017-09-13 20:15:11,818: INFO/ForkPoolWorker-3] Task main.tasks.add_player[d0668178-9d33-4b40-bbea-37a22bb7e86e] succeeded in 0.3708282479929039s: True
[2017-09-13 20:15:11,818: INFO/ForkPoolWorker-2] Task main.tasks.add_player[e6e8d3f6-8375-4efd-b362-8c76ac3f71a4] succeeded in 0.3719319420051761s: True
[2017-09-13 20:15:11,819: INFO/ForkPoolWorker-1] Task main.tasks.add_player[0e6db3eb-07e6-4e61-923d-cdb4fad498d2] succeeded in 0.3754039700143039s: True
[2017-09-13 20:15:11,904: INFO/ForkPoolWorker-4] Task main.tasks.add_player[9deee91d-40fe-4e08-a925-fa33dbdd2c5d] succeeded in 0.32949082500999793s: True
[2017-09-13 20:15:12,074: INFO/ForkPoolWorker-1] Task main.tasks.add_player[7adcc7af-1ae5-4038-8a36-fe99c73b5542] succeeded in 0.25350386000354774s: True
[2017-09-13 20:15:12,168: INFO/ForkPoolWorker-2] Task main.tasks.add_player[370bb019-6777-4bc6-9306-ae5b4a60923c] succeeded in 0.3482109010074055s: True
[2017-09-13 20:15:12,168: INFO/ForkPoolWorker-3] Task main.tasks.add_player[6363ecf8-02bd-4083-88ea-8ae9ff33e47d] succeeded in 0.3467843370017363s: True
[2017-09-13 20:15:12,265: INFO/ForkPoolWorker-4] Task main.tasks.add_player[9bb173f8-2f09-452a-a4f1-bb3e5c674f1a] succeeded in 0.35840197499783244s: True
[2017-09-13 20:15:12,401: INFO/ForkPoolWorker-1] Task main.tasks.add_player[1f997958-c2b9-4cc9-bff5-c5b4af3c9c8b] succeeded in 0.3236815749987727s: True
[2017-09-13 20:15:12,502: INFO/ForkPoolWorker-3] Task main.tasks.add_player[f9987bdd-f527-4416-92c4-81adc339d4e0] succeeded in 0.33176754700252786s: True
[2017-09-13 20:15:12,588: INFO/ForkPoolWorker-2] Task main.tasks.add_player[daea5ae0-eaae-493e-9662-2a285eb5e3c3] succeeded in 0.41719561400532257s: True
[2017-09-13 20:15:12,701: INFO/ForkPoolWorker-4] Task main.tasks.add_player[ef3a1dab-8b94-421e-8451-c2de3be83707] succeeded in 0.4339651699992828s: True
[2017-09-13 20:15:12,905: INFO/ForkPoolWorker-1] Task main.tasks.add_player[27cfd023-26d4-4e01-a8af-fd16c53240b1] succeeded in 0.5012058269931003s: True
[2017-09-13 20:15:13,001: INFO/ForkPoolWorker-3] Task main.tasks.add_player[58ef603f-bc9f-456b-97d6-81a85268f1db] succeeded in 0.49671646500064526s: True
[2017-09-13 20:15:13,204: INFO/ForkPoolWorker-4] Task main.tasks.add_player[8442c67b-6e87-4945-a4e0-dafd4d7c8489] succeeded in 0.4998839920008322s: True
[2017-09-13 20:15:13,204: INFO/ForkPoolWorker-2] Task main.tasks.add_player[c3881111-c40c-4521-b5a8-369b2e2711ce] succeeded in 0.6132095049979398s: True
[2017-09-13 20:15:13,381: INFO/ForkPoolWorker-1] Task main.tasks.add_player[5ed11edf-2059-4cc7-b76e-6831a53ee77f] succeeded in 0.4716440740012331s: True
[2017-09-13 20:15:13,570: INFO/ForkPoolWorker-3] Task main.tasks.add_player[20a55e51-1eb6-415b-9984-51df7969a121] succeeded in 0.5656196729978547s: True
[2017-09-13 20:15:13,615: INFO/ForkPoolWorker-4] Task main.tasks.add_player[5517ebb3-1d72-4eda-a83f-546b0c4e0d28] succeeded in 0.40864451800007373s: True
[2017-09-13 20:15:16,691: WARNING/ForkPoolWorker-3] MAKING NEW REQUEST: https://livecache.sportresult.com/node/db/FIBASTATS_PROD/12105_GAMEACTIONS_BKM400405_Q1_JSON.json?s=534&t=0
[2017-09-13 20:15:16,909: WARNING/ForkPoolWorker-3] MAKING NEW REQUEST: https://livecache.sportresult.com/node/db/FIBASTATS_PROD/12105_GAMEACTIONS_BKM400405_Q2_JSON.json?s=534&t=0
[2017-09-13 20:15:17,091: WARNING/ForkPoolWorker-3] MAKING NEW REQUEST: https://livecache.sportresult.com/node/db/FIBASTATS_PROD/12105_GAMEACTIONS_BKM400405_Q3_JSON.json?s=534&t=0
[2017-09-13 20:15:17,301: WARNING/ForkPoolWorker-3] MAKING NEW REQUEST: https://livecache.sportresult.com/node/db/FIBASTATS_PROD/12105_GAMEACTIONS_BKM400405_Q4_JSON.json?s=534&t=0
[2017-09-13 20:15:17,503: INFO/ForkPoolWorker-3] FILTERED PLAYERS: <QuerySet [<Player: Player object>, <Player: Player object>, <Player: Player object>, <Player: Player object>, <Player: Player object>, <Player: Player object>, <Player: Player object>, <Player: Player object>, <Player: Player object>, <Player: Player object>, <Player: Player object>, <Player: Player object>, <Player: Player object>, <Player: Player object>, <Player: Player object>, <Player: Player object>, <Player: Player object>, <Player: Player object>, <Player: Player object>, <Player: Player object>, '...(remaining elements truncated)...']>
[2017-09-13 20:15:22,724: INFO/ForkPoolWorker-3] Task main.tasks.get_game_actions[4c18127e-4d7d-40a6-bddd-35d018621e13] succeeded in 6.043658016002155s: None
